<?xml version="1.0" encoding="UTF-8"?>
<robot generator="Robot 7.0.1 (Python 3.12.4 on win32)" generated="2024-11-01T15:39:40.896496" rpa="false" schemaversion="5">
<suite id="s1" name="Saude.Empresarial" source="C:\Users\QA\TesteAutomatizadoRobot\saude.empresarial.robot">
<test id="s1-t1" name="Cenário 1: Saúde Empresarial - Essencial - Adicionar Colaborador Manualmente" line="110">
<kw name="Abrir Site">
<kw name="Open Browser" owner="SeleniumLibrary">
<msg time="2024-11-01T15:39:41.186679" level="INFO">Opening browser 'chrome' to base url 'https://produtos.staging.ciclic.com.br/saude-empresarial/portal/login/'.</msg>
<arg>${URL}</arg>
<arg>chrome</arg>
<doc>Opens a new browser instance to the optional ``url``.</doc>
<status status="PASS" start="2024-11-01T15:39:41.186049" elapsed="5.169577"/>
</kw>
<kw name="Maximize Browser Window" owner="SeleniumLibrary">
<doc>Maximizes current browser window.</doc>
<status status="PASS" start="2024-11-01T15:39:46.356627" elapsed="0.121651"/>
</kw>
<status status="PASS" start="2024-11-01T15:39:41.184646" elapsed="5.293632"/>
</kw>
<kw name="Inserir CNPJ">
<kw name="Wait Until Element Is Visible" owner="SeleniumLibrary">
<arg>id=cnpj</arg>
<arg>10s</arg>
<doc>Waits until the element ``locator`` is visible.</doc>
<status status="PASS" start="2024-11-01T15:39:46.479064" elapsed="0.117936"/>
</kw>
<kw name="Click Element" owner="SeleniumLibrary">
<msg time="2024-11-01T15:39:46.598001" level="INFO">Clicking element 'id=cnpj'.</msg>
<arg>id=cnpj</arg>
<doc>Click the element identified by ``locator``.</doc>
<status status="PASS" start="2024-11-01T15:39:46.597000" elapsed="0.224975"/>
</kw>
<kw name="Input Text" owner="SeleniumLibrary">
<msg time="2024-11-01T15:39:46.822642" level="INFO">Typing text '33.044.712/0001-61' into text field 'id=cnpj'.</msg>
<arg>id=cnpj</arg>
<arg>${CNPJ}</arg>
<doc>Types the given ``text`` into the text field identified by ``locator``.</doc>
<status status="PASS" start="2024-11-01T15:39:46.822642" elapsed="0.268150"/>
</kw>
<status status="PASS" start="2024-11-01T15:39:46.479064" elapsed="0.611728"/>
</kw>
<kw name="Inserir Senha">
<kw name="Wait Until Element Is Visible" owner="SeleniumLibrary">
<arg>id=password</arg>
<arg>10s</arg>
<doc>Waits until the element ``locator`` is visible.</doc>
<status status="PASS" start="2024-11-01T15:39:47.097834" elapsed="0.044544"/>
</kw>
<kw name="Click Element" owner="SeleniumLibrary">
<msg time="2024-11-01T15:39:47.142378" level="INFO">Clicking element 'id=password'.</msg>
<arg>id=password</arg>
<doc>Click the element identified by ``locator``.</doc>
<status status="PASS" start="2024-11-01T15:39:47.142378" elapsed="0.072910"/>
</kw>
<kw name="Input Password" owner="SeleniumLibrary">
<msg time="2024-11-01T15:39:47.216550" level="INFO">Typing password into text field 'id=password'.</msg>
<msg time="2024-11-01T15:39:47.269814" level="INFO">Temporally setting log level to: NONE</msg>
<arg>id=password</arg>
<arg>${SENHA}</arg>
<doc>Types the given password into the text field identified by ``locator``.</doc>
<status status="PASS" start="2024-11-01T15:39:47.215288" elapsed="0.226741"/>
</kw>
<status status="PASS" start="2024-11-01T15:39:47.096834" elapsed="0.346197"/>
</kw>
<kw name="Acessar Plataforma">
<kw name="Wait Until Element Is Visible" owner="SeleniumLibrary">
<arg>${ACESSAR_PLATAFORMA}</arg>
<arg>10s</arg>
<doc>Waits until the element ``locator`` is visible.</doc>
<status status="PASS" start="2024-11-01T15:39:47.454994" elapsed="0.031117"/>
</kw>
<kw name="Click Button" owner="SeleniumLibrary">
<msg time="2024-11-01T15:39:47.487113" level="INFO">Clicking button 'xpath=//button[contains(text(), 'Acessar')]'.</msg>
<arg>${ACESSAR_PLATAFORMA}</arg>
<doc>Clicks the button identified by ``locator``.</doc>
<status status="PASS" start="2024-11-01T15:39:47.487113" elapsed="0.095488"/>
</kw>
<kw name="Sleep" owner="BuiltIn">
<msg time="2024-11-01T15:39:48.583265" level="INFO">Slept 1 second.</msg>
<arg>1s</arg>
<doc>Pauses the test executed for the given time.</doc>
<status status="PASS" start="2024-11-01T15:39:47.582947" elapsed="1.000318"/>
</kw>
<status status="PASS" start="2024-11-01T15:39:47.454994" elapsed="1.128271"/>
</kw>
<kw name="Menu Colaboradores">
<kw name="Wait Until Element Is Visible" owner="SeleniumLibrary">
<arg>${MENU_COLABORADORES}</arg>
<arg>10s</arg>
<doc>Waits until the element ``locator`` is visible.</doc>
<status status="PASS" start="2024-11-01T15:39:48.584939" elapsed="2.433300"/>
</kw>
<kw name="Click Element" owner="SeleniumLibrary">
<msg time="2024-11-01T15:39:51.018239" level="INFO">Clicking element 'xpath=//span[contains(text(), 'Colaboradores')]'.</msg>
<arg>${MENU_COLABORADORES}</arg>
<doc>Click the element identified by ``locator``.</doc>
<status status="PASS" start="2024-11-01T15:39:51.018239" elapsed="0.095616"/>
</kw>
<status status="PASS" start="2024-11-01T15:39:48.584269" elapsed="2.530583"/>
</kw>
<kw name="Adicionar Colaboradores">
<kw name="Wait Until Element Is Visible" owner="SeleniumLibrary">
<arg>${ADICIONAR_COLABORADORES}</arg>
<arg>10s</arg>
<doc>Waits until the element ``locator`` is visible.</doc>
<status status="PASS" start="2024-11-01T15:39:51.154409" elapsed="0.052024"/>
</kw>
<kw name="Click Element" owner="SeleniumLibrary">
<msg time="2024-11-01T15:39:51.207435" level="INFO">Clicking element 'xpath=//a[contains(text(), 'Adicionar')]'.</msg>
<arg>${ADICIONAR_COLABORADORES}</arg>
<doc>Click the element identified by ``locator``.</doc>
<status status="PASS" start="2024-11-01T15:39:51.206433" elapsed="0.170000"/>
</kw>
<status status="PASS" start="2024-11-01T15:39:51.154409" elapsed="0.222024"/>
</kw>
<kw name="Selecionar Genero">
<kw name="Wait Until Element Is Visible" owner="SeleniumLibrary">
<arg>${SELECIONAR_GENERO}</arg>
<arg>30s</arg>
<doc>Waits until the element ``locator`` is visible.</doc>
<status status="PASS" start="2024-11-01T15:39:51.379342" elapsed="0.221363"/>
</kw>
<kw name="Click Element" owner="SeleniumLibrary">
<msg time="2024-11-01T15:39:51.601422" level="INFO">Clicking element 'xpath=//label[@for='1']'.</msg>
<arg>${SELECIONAR_GENERO}</arg>
<doc>Click the element identified by ``locator``.</doc>
<status status="PASS" start="2024-11-01T15:39:51.601422" elapsed="0.071924"/>
</kw>
<kw name="Sleep" owner="BuiltIn">
<msg time="2024-11-01T15:39:52.673715" level="INFO">Slept 1 second.</msg>
<arg>1s</arg>
<doc>Pauses the test executed for the given time.</doc>
<status status="PASS" start="2024-11-01T15:39:51.673346" elapsed="1.000369"/>
</kw>
<status status="PASS" start="2024-11-01T15:39:51.379342" elapsed="1.294373"/>
</kw>
<kw name="Gerar Nome Completo">
<kw name="Gerar Nome Masculino" owner="locators">
<msg time="2024-11-01T15:39:52.675767" level="INFO">${NOME_COMPLETO} = TesteNome Lima</msg>
<var>${NOME_COMPLETO}</var>
<status status="PASS" start="2024-11-01T15:39:52.675767" elapsed="0.000000"/>
</kw>
<kw name="Log" owner="BuiltIn">
<msg time="2024-11-01T15:39:52.676767" level="INFO">Nome Gerado: TesteNome Lima</msg>
<arg>Nome Gerado: ${NOME_COMPLETO}</arg>
<doc>Logs the given message with the given level.</doc>
<status status="PASS" start="2024-11-01T15:39:52.675767" elapsed="0.001000"/>
</kw>
<kw name="Wait Until Element Is Visible" owner="SeleniumLibrary">
<arg>id=employee-fullname</arg>
<arg>10s</arg>
<doc>Waits until the element ``locator`` is visible.</doc>
<status status="PASS" start="2024-11-01T15:39:52.676767" elapsed="0.053628"/>
</kw>
<kw name="Input Text" owner="SeleniumLibrary">
<msg time="2024-11-01T15:39:52.731384" level="INFO">Typing text 'TesteNome Lima' into text field 'id=employee-fullname'.</msg>
<arg>id=employee-fullname</arg>
<arg>${NOME_COMPLETO}</arg>
<doc>Types the given ``text`` into the text field identified by ``locator``.</doc>
<status status="PASS" start="2024-11-01T15:39:52.730395" elapsed="0.217854"/>
</kw>
<status status="PASS" start="2024-11-01T15:39:52.674721" elapsed="0.273528"/>
</kw>
<kw name="Inserir CPF">
<kw name="Gerar Cpf" owner="locators">
<msg time="2024-11-01T15:39:52.950399" level="INFO">${CPF} = 72828321703</msg>
<var>${CPF}</var>
<status status="PASS" start="2024-11-01T15:39:52.950399" elapsed="0.000840"/>
</kw>
<kw name="Log" owner="BuiltIn">
<msg time="2024-11-01T15:39:52.951239" level="INFO">CPF Gerado: 72828321703</msg>
<arg>CPF Gerado: ${CPF}</arg>
<doc>Logs the given message with the given level.</doc>
<status status="PASS" start="2024-11-01T15:39:52.951239" elapsed="0.000000"/>
</kw>
<kw name="Input Text" owner="SeleniumLibrary">
<msg time="2024-11-01T15:39:52.952238" level="INFO">Typing text '72828321703' into text field 'id=employee-cpf'.</msg>
<arg>id=employee-cpf</arg>
<arg>${CPF}</arg>
<doc>Types the given ``text`` into the text field identified by ``locator``.</doc>
<status status="PASS" start="2024-11-01T15:39:52.951239" elapsed="0.238299"/>
</kw>
<status status="PASS" start="2024-11-01T15:39:52.948249" elapsed="0.242236"/>
</kw>
<kw name="Inserir Data Nascimento">
<kw name="Wait Until Element Is Visible" owner="SeleniumLibrary">
<arg>id=employee-birthdate</arg>
<arg>10s</arg>
<doc>Waits until the element ``locator`` is visible.</doc>
<status status="PASS" start="2024-11-01T15:39:53.191487" elapsed="0.034000"/>
</kw>
<kw name="Click Element" owner="SeleniumLibrary">
<msg time="2024-11-01T15:39:53.225487" level="INFO">Clicking element 'id=employee-birthdate'.</msg>
<arg>id=employee-birthdate</arg>
<doc>Click the element identified by ``locator``.</doc>
<status status="PASS" start="2024-11-01T15:39:53.225487" elapsed="0.064846"/>
</kw>
<kw name="Input Text" owner="SeleniumLibrary">
<msg time="2024-11-01T15:39:53.291354" level="INFO">Typing text '25/11/1987' into text field 'id=employee-birthdate'.</msg>
<arg>id=employee-birthdate</arg>
<arg>${DATA_NASCIMENTO}</arg>
<doc>Types the given ``text`` into the text field identified by ``locator``.</doc>
<status status="PASS" start="2024-11-01T15:39:53.291354" elapsed="0.162729"/>
</kw>
<status status="PASS" start="2024-11-01T15:39:53.190485" elapsed="0.263598"/>
</kw>
<kw name="Inserir Numero Telefone">
<kw name="Gerar Telefone" owner="locators">
<msg time="2024-11-01T15:39:53.456083" level="INFO">${TELEFONE} = (74) 95717-0916</msg>
<var>${TELEFONE}</var>
<status status="PASS" start="2024-11-01T15:39:53.455085" elapsed="0.000998"/>
</kw>
<kw name="Log" owner="BuiltIn">
<msg time="2024-11-01T15:39:53.456083" level="INFO">Telefone Gerado: (74) 95717-0916</msg>
<arg>Telefone Gerado: ${TELEFONE}</arg>
<doc>Logs the given message with the given level.</doc>
<status status="PASS" start="2024-11-01T15:39:53.456083" elapsed="0.000000"/>
</kw>
<kw name="Input Text" owner="SeleniumLibrary">
<msg time="2024-11-01T15:39:53.457116" level="INFO">Typing text '(74) 95717-0916' into text field 'id=employee-cellphone'.</msg>
<arg>id=employee-cellphone</arg>
<arg>${TELEFONE}</arg>
<doc>Types the given ``text`` into the text field identified by ``locator``.</doc>
<status status="PASS" start="2024-11-01T15:39:53.457116" elapsed="0.233124"/>
</kw>
<status status="PASS" start="2024-11-01T15:39:53.455085" elapsed="0.235155"/>
</kw>
<kw name="Inserir E-mail">
<kw name="Generate Random String" owner="String">
<msg time="2024-11-01T15:39:53.701084" level="INFO">${RANDOM_STRING} = mgbylnhtqc</msg>
<var>${RANDOM_STRING}</var>
<arg>10</arg>
<arg>[LOWER]</arg>
<doc>Generates a string with a desired ``length`` from the given ``chars``.</doc>
<status status="PASS" start="2024-11-01T15:39:53.699074" elapsed="0.002010"/>
</kw>
<kw name="Catenate" owner="BuiltIn">
<msg time="2024-11-01T15:39:53.702229" level="INFO">${EMAIL} = mgbylnhtqc@example.com</msg>
<var>${EMAIL}</var>
<arg>${RANDOM_STRING}@example.com</arg>
<doc>Catenates the given items together and returns the resulted string.</doc>
<status status="PASS" start="2024-11-01T15:39:53.701084" elapsed="0.001145"/>
</kw>
<kw name="Log" owner="BuiltIn">
<msg time="2024-11-01T15:39:53.702229" level="INFO">Email Gerado: mgbylnhtqc@example.com</msg>
<arg>Email Gerado: ${EMAIL}</arg>
<doc>Logs the given message with the given level.</doc>
<status status="PASS" start="2024-11-01T15:39:53.702229" elapsed="0.000000"/>
</kw>
<kw name="Input Text" owner="SeleniumLibrary">
<msg time="2024-11-01T15:39:53.703084" level="INFO">Typing text 'mgbylnhtqc@example.com' into text field 'id=employee-email'.</msg>
<arg>id=employee-email</arg>
<arg>${EMAIL}</arg>
<doc>Types the given ``text`` into the text field identified by ``locator``.</doc>
<status status="PASS" start="2024-11-01T15:39:53.703084" elapsed="0.267195"/>
</kw>
<kw name="Sleep" owner="BuiltIn">
<msg time="2024-11-01T15:39:54.972705" level="INFO">Slept 1 second.</msg>
<arg>1s</arg>
<doc>Pauses the test executed for the given time.</doc>
<status status="PASS" start="2024-11-01T15:39:53.970279" elapsed="1.003427"/>
</kw>
<kw name="Input Text" owner="SeleniumLibrary">
<msg time="2024-11-01T15:39:54.974705" level="INFO">Typing text 'mgbylnhtqc@example.com' into text field 'id=employee-email-confirm'.</msg>
<arg>id=employee-email-confirm</arg>
<arg>${EMAIL}</arg>
<doc>Types the given ``text`` into the text field identified by ``locator``.</doc>
<status status="PASS" start="2024-11-01T15:39:54.973706" elapsed="0.402104"/>
</kw>
<status status="PASS" start="2024-11-01T15:39:53.699074" elapsed="1.676736"/>
</kw>
<kw name="Inserir CEP">
<kw name="Wait Until Element Is Visible" owner="SeleniumLibrary">
<arg>id=employee-cep</arg>
<arg>10s</arg>
<doc>Waits until the element ``locator`` is visible.</doc>
<status status="PASS" start="2024-11-01T15:39:55.377810" elapsed="0.033720"/>
</kw>
<kw name="Click Element" owner="SeleniumLibrary">
<msg time="2024-11-01T15:39:55.412465" level="INFO">Clicking element 'id=employee-cep'.</msg>
<arg>id=employee-cep</arg>
<doc>Click the element identified by ``locator``.</doc>
<status status="PASS" start="2024-11-01T15:39:55.412465" elapsed="0.114088"/>
</kw>
<kw name="Input Text" owner="SeleniumLibrary">
<msg time="2024-11-01T15:39:55.526553" level="INFO">Typing text '38705-386' into text field 'id=employee-cep'.</msg>
<arg>id=employee-cep</arg>
<arg>${CEP}</arg>
<doc>Types the given ``text`` into the text field identified by ``locator``.</doc>
<status status="PASS" start="2024-11-01T15:39:55.526553" elapsed="0.209128"/>
</kw>
<kw name="Sleep" owner="BuiltIn">
<msg time="2024-11-01T15:39:57.737622" level="INFO">Slept 2 seconds.</msg>
<arg>2s</arg>
<doc>Pauses the test executed for the given time.</doc>
<status status="PASS" start="2024-11-01T15:39:55.736687" elapsed="2.000935"/>
</kw>
<status status="PASS" start="2024-11-01T15:39:55.376819" elapsed="2.360803"/>
</kw>
<kw name="Inserir Numero">
<kw name="Wait Until Element Is Visible" owner="SeleniumLibrary">
<arg>id=employee-number</arg>
<arg>10s</arg>
<doc>Waits until the element ``locator`` is visible.</doc>
<status status="PASS" start="2024-11-01T15:39:57.739391" elapsed="0.052790"/>
</kw>
<kw name="Input Text" owner="SeleniumLibrary">
<msg time="2024-11-01T15:39:57.793321" level="INFO">Typing text '10' into text field 'id=employee-number'.</msg>
<arg>id=employee-number</arg>
<arg>${NUMERO_RESIDENCIA}</arg>
<doc>Types the given ``text`` into the text field identified by ``locator``.</doc>
<status status="PASS" start="2024-11-01T15:39:57.793321" elapsed="0.162166"/>
</kw>
<kw name="Scroll Element Into View" owner="SeleniumLibrary">
<arg>xpath=//button[contains(text(),'Incluir Colaborador')]</arg>
<doc>Scrolls the element identified by ``locator`` into view.</doc>
<status status="PASS" start="2024-11-01T15:39:57.955487" elapsed="0.318088"/>
</kw>
<status status="PASS" start="2024-11-01T15:39:57.738472" elapsed="0.535103"/>
</kw>
<kw name="Incluir Colaborador">
<kw name="Wait Until Element Is Visible" owner="SeleniumLibrary">
<arg>xpath=//button[contains(text(),'Incluir Colaborador')]</arg>
<arg>30s</arg>
<doc>Waits until the element ``locator`` is visible.</doc>
<status status="PASS" start="2024-11-01T15:39:58.275575" elapsed="0.021929"/>
</kw>
<kw name="Wait Until Element Is Enabled" owner="SeleniumLibrary">
<arg>xpath=//button[contains(text(),'Incluir Colaborador')]</arg>
<arg>30s</arg>
<doc>Waits until the element ``locator`` is enabled.</doc>
<status status="PASS" start="2024-11-01T15:39:58.297504" elapsed="0.037091"/>
</kw>
<kw name="Click Button" owner="SeleniumLibrary">
<msg time="2024-11-01T15:39:58.335597" level="INFO">Clicking button 'xpath=//button[contains(text(),'Incluir Colaborador')]'.</msg>
<arg>xpath=//button[contains(text(),'Incluir Colaborador')]</arg>
<doc>Clicks the button identified by ``locator``.</doc>
<status status="PASS" start="2024-11-01T15:39:58.335597" elapsed="0.090442"/>
</kw>
<kw name="Sleep" owner="BuiltIn">
<msg time="2024-11-01T15:40:06.428245" level="INFO">Slept 8 seconds.</msg>
<arg>8s</arg>
<doc>Pauses the test executed for the given time.</doc>
<status status="PASS" start="2024-11-01T15:39:58.427040" elapsed="8.001205"/>
</kw>
<status status="PASS" start="2024-11-01T15:39:58.274709" elapsed="8.153536"/>
</kw>
<kw name="Cadastro com Sucesso do Colaborador">
<kw name="Wait Until Element Is Visible" owner="SeleniumLibrary">
<arg>xpath=//h1[contains(@class, 'manual-success__title')]</arg>
<arg>10s</arg>
<doc>Waits until the element ``locator`` is visible.</doc>
<status status="PASS" start="2024-11-01T15:40:06.430243" elapsed="5.017268"/>
</kw>
<kw name="Element Text Should Be" owner="SeleniumLibrary">
<msg time="2024-11-01T15:40:11.448558" level="INFO">Verifying element 'xpath=//h1[contains(@class, 'manual-success__title')]' contains exact text 'Colaborador cadastrado com sucesso'.</msg>
<arg>xpath=//h1[contains(@class, 'manual-success__title')]</arg>
<arg>Colaborador cadastrado com sucesso</arg>
<doc>Verifies that element ``locator`` contains exact the text ``expected``.</doc>
<status status="PASS" start="2024-11-01T15:40:11.447511" elapsed="0.073721"/>
</kw>
<kw name="Sleep" owner="BuiltIn">
<msg time="2024-11-01T15:40:14.522413" level="INFO">Slept 3 seconds.</msg>
<arg>3s</arg>
<doc>Pauses the test executed for the given time.</doc>
<status status="PASS" start="2024-11-01T15:40:11.522232" elapsed="3.000293"/>
</kw>
<status status="PASS" start="2024-11-01T15:40:06.429243" elapsed="8.093282"/>
</kw>
<kw name="Close Browser" owner="SeleniumLibrary" type="TEARDOWN">
<doc>Closes the current browser.</doc>
<status status="PASS" start="2024-11-01T15:40:14.523533" elapsed="3.119652"/>
</kw>
<status status="PASS" start="2024-11-01T15:39:41.183645" elapsed="36.460523"/>
</test>
<status status="PASS" start="2024-11-01T15:39:40.897499" elapsed="36.748661"/>
</suite>
<statistics>
<total>
<stat pass="1" fail="0" skip="0">All Tests</stat>
</total>
<tag>
</tag>
<suite>
<stat pass="1" fail="0" skip="0" id="s1" name="Saude.Empresarial">Saude.Empresarial</stat>
</suite>
</statistics>
<errors>
</errors>
</robot>
